<?xml version="1.0" encoding="UTF-8"?>
<testsuite xmlns:xsi="http://www.w3.org/2001/XMLSchema-instance" xsi:noNamespaceSchemaLocation="https://maven.apache.org/surefire/maven-surefire-plugin/xsd/surefire-test-report-3.0.xsd" version="3.0" name="org.example.UserServiceTest" time="0.038" tests="7" errors="0" skipped="0" failures="0">
  <properties>
    <property name="java.specification.version" value="21"/>
    <property name="sun.cpu.isalist" value="amd64"/>
    <property name="sun.jnu.encoding" value="GBK"/>
    <property name="java.class.path" value="E:\Project\BackEnd_learning\web-code\web-project01\maven-project01\target\test-classes;E:\Project\BackEnd_learning\web-code\web-project01\maven-project01\target\classes;E:\tool\apache-maven-3.9.4\mvn_repo\org\springframework\spring-context\6.1.4\spring-context-6.1.4.jar;E:\tool\apache-maven-3.9.4\mvn_repo\org\springframework\spring-aop\6.1.4\spring-aop-6.1.4.jar;E:\tool\apache-maven-3.9.4\mvn_repo\org\springframework\spring-beans\6.1.4\spring-beans-6.1.4.jar;E:\tool\apache-maven-3.9.4\mvn_repo\org\springframework\spring-core\6.1.4\spring-core-6.1.4.jar;E:\tool\apache-maven-3.9.4\mvn_repo\org\springframework\spring-jcl\6.1.4\spring-jcl-6.1.4.jar;E:\tool\apache-maven-3.9.4\mvn_repo\org\springframework\spring-expression\6.1.4\spring-expression-6.1.4.jar;E:\tool\apache-maven-3.9.4\mvn_repo\io\micrometer\micrometer-observation\1.12.3\micrometer-observation-1.12.3.jar;E:\tool\apache-maven-3.9.4\mvn_repo\io\micrometer\micrometer-commons\1.12.3\micrometer-commons-1.12.3.jar;E:\tool\apache-maven-3.9.4\mvn_repo\org\junit\jupiter\junit-jupiter\5.9.1\junit-jupiter-5.9.1.jar;E:\tool\apache-maven-3.9.4\mvn_repo\org\junit\jupiter\junit-jupiter-api\5.9.1\junit-jupiter-api-5.9.1.jar;E:\tool\apache-maven-3.9.4\mvn_repo\org\opentest4j\opentest4j\1.2.0\opentest4j-1.2.0.jar;E:\tool\apache-maven-3.9.4\mvn_repo\org\junit\platform\junit-platform-commons\1.9.1\junit-platform-commons-1.9.1.jar;E:\tool\apache-maven-3.9.4\mvn_repo\org\apiguardian\apiguardian-api\1.1.2\apiguardian-api-1.1.2.jar;E:\tool\apache-maven-3.9.4\mvn_repo\org\junit\jupiter\junit-jupiter-params\5.9.1\junit-jupiter-params-5.9.1.jar;E:\tool\apache-maven-3.9.4\mvn_repo\org\junit\jupiter\junit-jupiter-engine\5.9.1\junit-jupiter-engine-5.9.1.jar;E:\tool\apache-maven-3.9.4\mvn_repo\org\junit\platform\junit-platform-engine\1.9.1\junit-platform-engine-1.9.1.jar;"/>
    <property name="java.vm.vendor" value="Oracle Corporation"/>
    <property name="sun.arch.data.model" value="64"/>
    <property name="user.variant" value=""/>
    <property name="java.vendor.url" value="https://java.oracle.com/"/>
    <property name="user.timezone" value="Asia/Shanghai"/>
    <property name="os.name" value="Windows 11"/>
    <property name="java.vm.specification.version" value="21"/>
    <property name="sun.java.launcher" value="SUN_STANDARD"/>
    <property name="user.country" value="CN"/>
    <property name="sun.boot.library.path" value="D:\develop_java\bin"/>
    <property name="sun.java.command" value="C:\Users\Dell\AppData\Local\Temp\surefire2592813162171351005\surefirebooter-20250815171712726_3.jar C:\Users\Dell\AppData\Local\Temp\surefire2592813162171351005 2025-08-15T17-17-12_273-jvmRun1 surefire-20250815171712726_1tmp surefire_0-20250815171712726_2tmp"/>
    <property name="jdk.debug" value="release"/>
    <property name="surefire.test.class.path" value="E:\Project\BackEnd_learning\web-code\web-project01\maven-project01\target\test-classes;E:\Project\BackEnd_learning\web-code\web-project01\maven-project01\target\classes;E:\tool\apache-maven-3.9.4\mvn_repo\org\springframework\spring-context\6.1.4\spring-context-6.1.4.jar;E:\tool\apache-maven-3.9.4\mvn_repo\org\springframework\spring-aop\6.1.4\spring-aop-6.1.4.jar;E:\tool\apache-maven-3.9.4\mvn_repo\org\springframework\spring-beans\6.1.4\spring-beans-6.1.4.jar;E:\tool\apache-maven-3.9.4\mvn_repo\org\springframework\spring-core\6.1.4\spring-core-6.1.4.jar;E:\tool\apache-maven-3.9.4\mvn_repo\org\springframework\spring-jcl\6.1.4\spring-jcl-6.1.4.jar;E:\tool\apache-maven-3.9.4\mvn_repo\org\springframework\spring-expression\6.1.4\spring-expression-6.1.4.jar;E:\tool\apache-maven-3.9.4\mvn_repo\io\micrometer\micrometer-observation\1.12.3\micrometer-observation-1.12.3.jar;E:\tool\apache-maven-3.9.4\mvn_repo\io\micrometer\micrometer-commons\1.12.3\micrometer-commons-1.12.3.jar;E:\tool\apache-maven-3.9.4\mvn_repo\org\junit\jupiter\junit-jupiter\5.9.1\junit-jupiter-5.9.1.jar;E:\tool\apache-maven-3.9.4\mvn_repo\org\junit\jupiter\junit-jupiter-api\5.9.1\junit-jupiter-api-5.9.1.jar;E:\tool\apache-maven-3.9.4\mvn_repo\org\opentest4j\opentest4j\1.2.0\opentest4j-1.2.0.jar;E:\tool\apache-maven-3.9.4\mvn_repo\org\junit\platform\junit-platform-commons\1.9.1\junit-platform-commons-1.9.1.jar;E:\tool\apache-maven-3.9.4\mvn_repo\org\apiguardian\apiguardian-api\1.1.2\apiguardian-api-1.1.2.jar;E:\tool\apache-maven-3.9.4\mvn_repo\org\junit\jupiter\junit-jupiter-params\5.9.1\junit-jupiter-params-5.9.1.jar;E:\tool\apache-maven-3.9.4\mvn_repo\org\junit\jupiter\junit-jupiter-engine\5.9.1\junit-jupiter-engine-5.9.1.jar;E:\tool\apache-maven-3.9.4\mvn_repo\org\junit\platform\junit-platform-engine\1.9.1\junit-platform-engine-1.9.1.jar;"/>
    <property name="sun.cpu.endian" value="little"/>
    <property name="user.home" value="C:\Users\Dell"/>
    <property name="user.language" value="zh"/>
    <property name="java.specification.vendor" value="Oracle Corporation"/>
    <property name="java.version.date" value="2024-01-16"/>
    <property name="java.home" value="D:\develop_java"/>
    <property name="file.separator" value="\"/>
    <property name="basedir" value="E:\Project\BackEnd_learning\web-code\web-project01\maven-project01"/>
    <property name="java.vm.compressedOopsMode" value="Zero based"/>
    <property name="line.separator" value="&#10;"/>
    <property name="java.vm.specification.vendor" value="Oracle Corporation"/>
    <property name="java.specification.name" value="Java Platform API Specification"/>
    <property name="surefire.real.class.path" value="C:\Users\Dell\AppData\Local\Temp\surefire2592813162171351005\surefirebooter-20250815171712726_3.jar"/>
    <property name="user.script" value=""/>
    <property name="sun.management.compiler" value="HotSpot 64-Bit Tiered Compilers"/>
    <property name="java.runtime.version" value="21.0.2+13-LTS-58"/>
    <property name="user.name" value="Dell"/>
    <property name="stdout.encoding" value="GBK"/>
    <property name="path.separator" value=";"/>
    <property name="os.version" value="10.0"/>
    <property name="java.runtime.name" value="Java(TM) SE Runtime Environment"/>
    <property name="file.encoding" value="UTF-8"/>
    <property name="java.vm.name" value="Java HotSpot(TM) 64-Bit Server VM"/>
    <property name="localRepository" value="E:\tool\apache-maven-3.9.4\mvn_repo"/>
    <property name="java.vendor.url.bug" value="https://bugreport.java.com/bugreport/"/>
    <property name="java.io.tmpdir" value="C:\Users\Dell\AppData\Local\Temp\"/>
    <property name="idea.version" value="2024.1.2"/>
    <property name="java.version" value="21.0.2"/>
    <property name="user.dir" value="E:\Project\BackEnd_learning\web-code\web-project01\maven-project01"/>
    <property name="os.arch" value="amd64"/>
    <property name="java.vm.specification.name" value="Java Virtual Machine Specification"/>
    <property name="sun.os.patch.level" value=""/>
    <property name="native.encoding" value="GBK"/>
    <property name="java.library.path" value="D:\develop_java\bin;C:\WINDOWS\Sun\Java\bin;C:\WINDOWS\system32;C:\WINDOWS;C:\Program Files\NVIDIA GPU Computing Toolkit\CUDA\v11.7\bin;C:\Program Files\NVIDIA GPU Computing Toolkit\CUDA\v11.7\libnvvp;C:\Program Files\NVIDIA GPU Computing Toolkit\CUDA\v12.0\bin;C:\Program Files\NVIDIA GPU Computing Toolkit\CUDA\v12.0\libnvvp;C:\Program Files\NVIDIA GPU Computing Toolkit\CUDA\v12.4\bin;C:\Program Files\NVIDIA GPU Computing Toolkit\CUDA\v12.4\libnvvp;C:\gurobi1102\win64\bin;C:\Windows\system32;C:\Windows;C:\Windows\System32\Wbem;C:\Windows\System32\WindowsPowerShell\v1.0\;C:\Windows\System32\OpenSSH\;C:\Program Files\dotnet\;C:\Program Files (x86)\NVIDIA Corporation\PhysX\Common;C:\WINDOWS\system32;C:\WINDOWS;C:\WINDOWS\System32\Wbem;C:\WINDOWS\System32\WindowsPowerShell\v1.0\;C:\WINDOWS\System32\OpenSSH\;C:\Program Files\Microsoft SQL Server\150\Tools\Binn\;C:\Program Files\Git\cmd;C:\Program Files\mingw-w64-v11.0.0;D:\BaiduNetdisk\AutoUpdate;D:\develop_java\bin;D:\develop_c\mingw64\bin;C:\Program Files\MySQL\MySQL Server 8.4\bin;D:\LINGO64_20\;C:\Program Files\NVIDIA Corporation\NVIDIA NvDLISR;D:\project\python\camelot\gs10.03.1\bin;C:\Program Files (x86)\Common Files\Propellerhead Software\ReWire\;C:\Program Files\Common Files\Propellerhead Software\ReWire\;E:\tool\Visual Studio 2019\community\VC\Tools\MSVC\14.29.30133\bin\Hostx64\x64;E:\tool\Visual Studio 2019\community\VC\Tools\MSVC\14.29.30133\bin\Hostx86\x86;E:\tool\anaconda;E:\tool\anaconda\Scripts;E:\tool\anaconda\Library\mingw-w64\bin;E:\tool\anaconda\Library\bin;E:\tool\anaconda\Library\usr\bin;C:\WINDOWS\system32;C:\WINDOWS;C:\WINDOWS\System32\Wbem;C:\WINDOWS\System32\WindowsPowerShell\v1.0\;C:\WINDOWS\System32\OpenSSH\;C:\Program Files\NVIDIA Corporation\Nsight Compute 2022.2.1\;E:\tool\apache-maven-3.9.4\bin;C:\Program Files\starship\bin\;E:\tool\mysql-8.0.34-winx64\bin;E:\tool\package\libjpeg-turbo-gcc64\bin;E:\tool\pandoc-3.7.0.2;C:\Program Files\PowerShell\7\;E:\tool\Golang\bin;C:\Users\Dell\.local\bin;e:\AIAssist\Trae\bin;E:\python\Scripts\;E:\python\;C:\Program Files\Microsoft Visual Studio\2022\Community\VC\Tools\MSVC\17.7.4\bin\Hostx64\x64;C:\Program Files\NVIDIA GPU Computing Toolkit\CUDA\v12.2\bin;C:\Program Files\NVIDIA GPU Computing Toolkit\CUDA\v12.2\libnvvp;C:\gurobi1102\win64\bin;C:\Windows\system32;C:\Windows;C:\Windows\System32\Wbem;C:\Windows\System32\WindowsPowerShell\v1.0\;C:\Windows\System32\OpenSSH\;C:\Program Files\dotnet\;C:\Program Files (x86)\NVIDIA Corporation\PhysX\Common;C:\Program Files\NVIDIA Corporation\NVIDIA NvDLISR;C:\WINDOWS\system32;C:\WINDOWS;C:\WINDOWS\System32\Wbem;C:\WINDOWS\System32\WindowsPowerShell\v1.0\;C:\WINDOWS\System32\OpenSSH\;C:\Program Files\Microsoft SQL Server\150\Tools\Binn\;C:\Program Files (x86)\Windows Kits\10\Windows Performance Toolkit\;C:\Program Files\Git\cmd;C:\Program Files\mingw-w64-v11.0.0;D:\BaiduNetdisk\AutoUpdate;D:\develop_java\bin;D:\develop_c\mingw64\bin;D:\Program Files\runtime\win64;D:\Program Files\bin;C:\Program Files\MySQL\MySQL Server 8.4\bin;D:\LINGO64_20\;C:\Program Files\NVIDIA Cor;C:\Users\Dell\.dotnet\tools;D:\project\python\camelot\gs10.03.1\bin;D:\Microsoft VS Code\bin;D:\git库下载\ffmpeg-7.0.2-full_build\bin;C:\Users\Dell\AppData\Local\Programs\Ollama;C:\Users\Dell\AppData\Local\Microsoft\WindowsApps;C:\Users\Dell\AppData\Local\GitHubDesktop\bin;C:\Program Files\NVIDIA GPU Computing Toolkit\CUDA\v11.7\bin;C:\Program Files\NVIDIA GPU Computing Toolkit\CUDA\v11.7\libnvvp;C:\Users\Dell\AppData\Local\Microsoft\WinGet\Links;E:\tool\DataGrip 2024.1.1\bin;;C:\Users\Dell\go\bin;."/>
    <property name="java.vm.info" value="mixed mode, sharing"/>
    <property name="stderr.encoding" value="GBK"/>
    <property name="java.vendor" value="Oracle Corporation"/>
    <property name="java.vm.version" value="21.0.2+13-LTS-58"/>
    <property name="sun.io.unicode.encoding" value="UnicodeLittle"/>
    <property name="java.class.version" value="65.0"/>
  </properties>
  <testcase name="testGetAge2" classname="org.example.UserServiceTest" time="0.001">
    <system-out><![CDATA[before all ...
before...
after...
]]></system-out>
  </testcase>
  <testcase name="testGetGender2" classname="org.example.UserServiceTest" time="0.0">
    <system-out><![CDATA[before...
after...
]]></system-out>
  </testcase>
  <testcase name="testGetGender3(String)[1]" classname="org.example.UserServiceTest" time="0.012">
    <system-out><![CDATA[before...
男
after...
]]></system-out>
  </testcase>
  <testcase name="testGetGender3(String)[2]" classname="org.example.UserServiceTest" time="0.0">
    <system-out><![CDATA[before...
男
after...
]]></system-out>
  </testcase>
  <testcase name="testGetGender3(String)[3]" classname="org.example.UserServiceTest" time="0.001">
    <system-out><![CDATA[before...
女
after...
]]></system-out>
  </testcase>
  <testcase name="testGetGender" classname="org.example.UserServiceTest" time="0.001">
    <system-out><![CDATA[before...
男
after...
]]></system-out>
  </testcase>
  <testcase name="testGetAge" classname="org.example.UserServiceTest" time="0.001">
    <system-out><![CDATA[before...
20
after...
]]></system-out>
  </testcase>
</testsuite>